<?xml version="1.0" encoding="UTF-8"?>
<testsuite name="com.twu.biblioteca.controllers.ProductControllerTest" tests="6" skipped="0" failures="0" errors="0" timestamp="2019-08-14T14:40:50" hostname="Andreis-MacBook-Pro.local" time="0.041">
  <properties/>
  <testcase name="shouldGetProductsByCategoryMovie" classname="com.twu.biblioteca.controllers.ProductControllerTest" time="0.037"/>
  <testcase name="WhenReturningProductShouldSetAsNotRented" classname="com.twu.biblioteca.controllers.ProductControllerTest" time="0.001"/>
  <testcase name="shouldNotRentTheSameProductTwice" classname="com.twu.biblioteca.controllers.ProductControllerTest" time="0.001"/>
  <testcase name="shouldNotReturnProductThatIsNotRented" classname="com.twu.biblioteca.controllers.ProductControllerTest" time="0.0"/>
  <testcase name="shouldCheckProductAsRentedByUser" classname="com.twu.biblioteca.controllers.ProductControllerTest" time="0.001"/>
  <testcase name="shouldGetProductsByCategoryBook" classname="com.twu.biblioteca.controllers.ProductControllerTest" time="0.0"/>
  <system-out><![CDATA[]]></system-out>
  <system-err><![CDATA[]]></system-err>
</testsuite>
