<?xml version="1.0" encoding="UTF-8"?>
<testsuite name="com.twu.biblioteca.view.books.DevolutionViewTest" tests="2" skipped="0" failures="0" errors="0" timestamp="2019-08-14T14:48:56" hostname="Andreis-MacBook-Pro.local" time="0.074">
  <properties/>
  <testcase name="shouldCallInitializeOnFailure" classname="com.twu.biblioteca.view.books.DevolutionViewTest" time="0.07"/>
  <testcase name="shouldGoToMenuViewOnSuccess" classname="com.twu.biblioteca.view.books.DevolutionViewTest" time="0.003"/>
  <system-out><![CDATA[That's not a valid item to return
Thank you for returning the item
]]></system-out>
  <system-err><![CDATA[]]></system-err>
</testsuite>
