<?xml version="1.0" encoding="UTF-8"?>
<testsuite name="com.twu.biblioteca.controllers.ProductControllerTest" tests="1" skipped="0" failures="0" errors="0" timestamp="2019-08-14T15:27:48" hostname="Andreis-MacBook-Pro.local" time="5.6">
  <properties/>
  <testcase name="shouldFindProductsByFilter" classname="com.twu.biblioteca.controllers.ProductControllerTest" time="5.6"/>
  <system-out><![CDATA[]]></system-out>
  <system-err><![CDATA[]]></system-err>
</testsuite>
