<?xml version="1.0" encoding="UTF-8"?>
<testsuite name="com.twu.biblioteca.view.books.RentViewTest" tests="2" skipped="0" failures="0" errors="0" timestamp="2019-08-14T14:48:56" hostname="Andreis-MacBook-Pro.local" time="0.023">
  <properties/>
  <testcase name="shouldCallInitializeOnFailure" classname="com.twu.biblioteca.view.books.RentViewTest" time="0.021"/>
  <testcase name="shouldGoToMenuViewOnSuccess" classname="com.twu.biblioteca.view.books.RentViewTest" time="0.002"/>
  <system-out><![CDATA[Sorry, that item is not available
Thank you! Enjoy it!
]]></system-out>
  <system-err><![CDATA[]]></system-err>
</testsuite>
