<?xml version="1.0" encoding="UTF-8"?>
<testsuite name="com.twu.biblioteca.view.menu.MenuOptionFactoryTest" tests="2" skipped="0" failures="0" errors="0" timestamp="2019-08-14T14:48:57" hostname="Andreis-MacBook-Pro.local" time="0.002">
  <properties/>
  <testcase name="shouldReturnListOfGivenOptions" classname="com.twu.biblioteca.view.menu.MenuOptionFactoryTest" time="0.001"/>
  <testcase name="shouldReturnInstanceOfMenuOption" classname="com.twu.biblioteca.view.menu.MenuOptionFactoryTest" time="0.001"/>
  <system-out><![CDATA[]]></system-out>
  <system-err><![CDATA[]]></system-err>
</testsuite>
